<?xml version="1.0" encoding="UTF-8"?>
<!-- Generated by org.testng.reporters.JUnitXMLReporter -->
<testsuite hostname="DESKTOP-0M1MH5T" ignored="0" name="GradleTest" tests="3" failures="0" timestamp="2020-06-27T09:56:35 IST" time="30.434" errors="0">
  <testcase name="searchTest" time="4.421" classname="com.qa.test.GoogleDatadrivenTest"/>
  <testcase name="searchTest" time="1.384" classname="com.qa.test.GoogleDatadrivenTest"/>
  <testcase name="searchTest" time="2.423" classname="com.qa.test.GoogleDatadrivenTest"/>
</testsuite> <!-- GradleTest -->
